<?xml version="1.0" encoding="UTF-8"?>
<!-- Generated by org.testng.reporters.JUnitReportReporter -->
<testsuite hostname="IN-PF3YGY8F" failures="0" tests="1" name="com.hpeb2c.testcases.TC_LoginTest_2" time="0.007" errors="0" timestamp="2024-07-04T15:37:20 IST" skipped="0">
  <testcase classname="com.hpeb2c.testcases.TC_LoginTest_2" name="InvalidloginTest" time="0.007"/>
</testsuite> <!-- com.hpeb2c.testcases.TC_LoginTest_2 -->
