<?xml version="1.0" encoding="UTF-8"?>
<!-- Generated by org.testng.reporters.JUnitReportReporter -->
<testsuite hostname="IN-PF3YGY8F" failures="0" tests="1" name="com.hpeb2c.testcases.TC_PDPTest_006" time="46.522" errors="0" timestamp="2024-07-30T15:54:00 IST" skipped="0">
  <testcase classname="com.hpeb2c.testcases.TC_PDPTest_006" name="pdp" time="46.522"/>
</testsuite> <!-- com.hpeb2c.testcases.TC_PDPTest_006 -->
