<?xml version="1.0" encoding="UTF-8"?>
<!-- Generated by org.testng.reporters.JUnitReportReporter -->
<testsuite hostname="IN-PF3YGY8F" failures="0" tests="1" name="com.hpeb2c.testcases.TC_CartTest_007" time="65.537" errors="0" timestamp="2024-07-30T14:25:21 IST" skipped="0">
  <testcase classname="com.hpeb2c.testcases.TC_CartTest_007" name="cartPage" time="65.537"/>
</testsuite> <!-- com.hpeb2c.testcases.TC_CartTest_007 -->
