<?xml version="1.0" encoding="UTF-8"?>
<!-- Generated by org.testng.reporters.JUnitReportReporter -->
<testsuite hostname="IN-PF3YGY8F" failures="0" tests="1" name="com.hpeb2c.testcases.TC_CreateQuoteTest_008" time="61.054" errors="0" timestamp="2024-07-30T14:25:21 IST" skipped="0">
  <testcase classname="com.hpeb2c.testcases.TC_CreateQuoteTest_008" name="createQuote" time="61.054"/>
</testsuite> <!-- com.hpeb2c.testcases.TC_CreateQuoteTest_008 -->
