<?xml version="1.0" encoding="UTF-8"?>
<!-- Generated by org.testng.reporters.JUnitReportReporter -->
<testsuite hostname="IN-PF3YGY8F" failures="0" tests="2" name="com.hpeb2c.testcases.TC_LoginTest_001" time="16.040" errors="0" timestamp="2024-07-30T14:25:21 IST" skipped="0">
  <testcase classname="com.hpeb2c.testcases.TC_LoginTest_001" name="InvalidloginTest" time="9.093"/>
  <testcase classname="com.hpeb2c.testcases.TC_LoginTest_001" name="ValidloginTest" time="6.947"/>
</testsuite> <!-- com.hpeb2c.testcases.TC_LoginTest_001 -->
