<?xml version="1.0" encoding="UTF-8"?>
<!-- Generated by org.testng.reporters.JUnitReportReporter -->
<testsuite hostname="IN-PF3YGY8F" failures="0" tests="1" name="com.hpeb2c.testcases.TC_CartTest_007" time="44.453" errors="0" timestamp="2024-07-25T15:44:04 IST" skipped="0">
  <testcase classname="com.hpeb2c.testcases.TC_CartTest_007" name="cartPage" time="44.453"/>
</testsuite> <!-- com.hpeb2c.testcases.TC_CartTest_007 -->
