<?xml version="1.0" encoding="UTF-8"?>
<!-- Generated by org.testng.reporters.JUnitReportReporter -->
<testsuite hostname="IN-PF3YGY8F" failures="0" tests="1" name="com.hpeb2c.testcases.TC_PLPTest_005" time="43.427" errors="0" timestamp="2024-08-05T14:36:47 IST" skipped="0">
  <testcase classname="com.hpeb2c.testcases.TC_PLPTest_005" name="plp" time="43.427"/>
</testsuite> <!-- com.hpeb2c.testcases.TC_PLPTest_005 -->
