<?xml version="1.0" encoding="UTF-8"?>
<!-- Generated by org.testng.reporters.JUnitReportReporter -->
<testsuite hostname="IN-PF3YGY8F" failures="0" tests="2" name="com.hpeb2c.testcases.TC_LoginTest_001" time="20.875" errors="0" timestamp="2024-07-25T15:44:04 IST" skipped="0">
  <testcase classname="com.hpeb2c.testcases.TC_LoginTest_001" name="InvalidloginTest" time="10.535"/>
  <testcase classname="com.hpeb2c.testcases.TC_LoginTest_001" name="ValidloginTest" time="10.340"/>
</testsuite> <!-- com.hpeb2c.testcases.TC_LoginTest_001 -->
