<?xml version="1.0" encoding="UTF-8"?>
<!-- Generated by org.testng.reporters.JUnitReportReporter -->
<testsuite hostname="IN-PF3YGY8F" failures="0" tests="1" name="com.hpeb2c.testcases.TC_CreateAccountTest_003" time="7.120" errors="0" timestamp="2024-07-31T22:35:42 IST" skipped="0">
  <testcase classname="com.hpeb2c.testcases.TC_CreateAccountTest_003" name="createacc" time="7.120"/>
</testsuite> <!-- com.hpeb2c.testcases.TC_CreateAccountTest_003 -->
