<?xml version="1.0" encoding="UTF-8"?>
<!-- Generated by org.testng.reporters.JUnitReportReporter -->
<testsuite hostname="IN-PF3YGY8F" failures="0" tests="2" name="com.hpeb2c.testcases.TC_PLPTest_005" time="79.342" errors="0" timestamp="2024-11-13T19:21:07 IST" skipped="0">
  <testcase classname="com.hpeb2c.testcases.TC_PLPTest_005" name="plp" time="48.317"/>
  <testcase classname="com.hpeb2c.testcases.TC_PLPTest_005" name="addquoteproductfromplp" time="31.025"/>
</testsuite> <!-- com.hpeb2c.testcases.TC_PLPTest_005 -->
