<?xml version="1.0" encoding="UTF-8"?>
<!-- Generated by org.testng.reporters.JUnitReportReporter -->
<testsuite hostname="IN-PF3YGY8F" failures="0" tests="1" name="com.hpeb2c.testcases.TC_CategoryTest_004" time="15.373" errors="0" timestamp="2024-07-31T22:35:42 IST" skipped="0">
  <testcase classname="com.hpeb2c.testcases.TC_CategoryTest_004" name="Categorylinks" time="15.373"/>
</testsuite> <!-- com.hpeb2c.testcases.TC_CategoryTest_004 -->
