<?xml version="1.0" encoding="UTF-8"?>
<!-- Generated by org.testng.reporters.JUnitReportReporter -->
<testsuite hostname="IN-PF3YGY8F" failures="0" tests="1" name="com.hpeb2c.testcases.TC_PDPTest_006" time="73.736" errors="0" timestamp="2024-07-31T22:35:42 IST" skipped="0">
  <testcase classname="com.hpeb2c.testcases.TC_PDPTest_006" name="pdp" time="73.736"/>
</testsuite> <!-- com.hpeb2c.testcases.TC_PDPTest_006 -->
