<?xml version="1.0" encoding="UTF-8"?>
<!-- Generated by org.testng.reporters.JUnitReportReporter -->
<testsuite hostname="IN-PF3YGY8F" failures="0" tests="2" name="com.hpeb2c.testcases.TC_LoginTest_001" time="17.855" errors="0" timestamp="2024-07-31T22:35:42 IST" skipped="0">
  <testcase classname="com.hpeb2c.testcases.TC_LoginTest_001" name="InvalidloginTest" time="10.243"/>
  <testcase classname="com.hpeb2c.testcases.TC_LoginTest_001" name="ValidloginTest" time="7.612"/>
</testsuite> <!-- com.hpeb2c.testcases.TC_LoginTest_001 -->
