<?xml version="1.0" encoding="UTF-8"?>
<!-- Generated by org.testng.reporters.JUnitReportReporter -->
<testsuite hostname="IN-PF3YGY8F" failures="0" tests="1" name="com.hpeb2c.testcases.TC_CreateAccountTest_003" time="33.406" errors="0" timestamp="2024-11-13T19:21:07 IST" skipped="0">
  <testcase classname="com.hpeb2c.testcases.TC_CreateAccountTest_003" name="createacc" time="33.406"/>
</testsuite> <!-- com.hpeb2c.testcases.TC_CreateAccountTest_003 -->
