<?xml version="1.0" encoding="UTF-8"?>
<!-- Generated by org.testng.reporters.JUnitReportReporter -->
<testsuite hostname="IN-PF3YGY8F" failures="0" tests="2" name="com.hpeb2c.testcases.TC_LoginTest_001" time="40.108" errors="0" timestamp="2024-08-05T14:36:47 IST" skipped="0">
  <testcase classname="com.hpeb2c.testcases.TC_LoginTest_001" name="InvalidloginTest" time="30.364"/>
  <testcase classname="com.hpeb2c.testcases.TC_LoginTest_001" name="ValidloginTest" time="9.744"/>
</testsuite> <!-- com.hpeb2c.testcases.TC_LoginTest_001 -->
