<?xml version="1.0" encoding="UTF-8"?>
<!-- Generated by org.testng.reporters.JUnitReportReporter -->
<testsuite hostname="IN-PF3YGY8F" failures="0" tests="1" name="com.hpeb2c.testcases.TC_CartTest_007" time="49.466" errors="0" timestamp="2024-08-05T14:36:47 IST" skipped="0">
  <testcase classname="com.hpeb2c.testcases.TC_CartTest_007" name="cartPage" time="49.466"/>
</testsuite> <!-- com.hpeb2c.testcases.TC_CartTest_007 -->
