<?xml version="1.0" encoding="UTF-8"?>
<!-- Generated by org.testng.reporters.JUnitReportReporter -->
<testsuite hostname="IN-PF3YGY8F" failures="0" tests="1" name="com.hpeb2c.testcases.TC_PDPTest_006" time="154.780" errors="0" timestamp="2024-11-13T19:21:07 IST" skipped="0">
  <testcase classname="com.hpeb2c.testcases.TC_PDPTest_006" name="pdp" time="154.780"/>
</testsuite> <!-- com.hpeb2c.testcases.TC_PDPTest_006 -->
