<?xml version="1.0" encoding="UTF-8"?>
<!-- Generated by org.testng.reporters.JUnitReportReporter -->
<testsuite hostname="IN-PF3YGY8F" failures="0" tests="2" name="com.hpeb2c.testcases.TC_LoginTest_001" time="38.632" errors="0" timestamp="2024-11-13T19:21:07 IST" skipped="0">
  <testcase classname="com.hpeb2c.testcases.TC_LoginTest_001" name="InvalidloginTest" time="33.044"/>
  <testcase classname="com.hpeb2c.testcases.TC_LoginTest_001" name="ValidloginTest" time="5.588"/>
</testsuite> <!-- com.hpeb2c.testcases.TC_LoginTest_001 -->
