<?xml version="1.0" encoding="UTF-8"?>
<!-- Generated by org.testng.reporters.JUnitReportReporter -->
<testsuite hostname="IN-PF3YGY8F" failures="0" tests="1" name="com.hpeb2c.testcases.TC_CategoryTest__004" time="5.852" errors="0" timestamp="2024-07-25T15:29:33 IST" skipped="0">
  <testcase classname="com.hpeb2c.testcases.TC_CategoryTest__004" name="Categorylinks" time="5.852"/>
</testsuite> <!-- com.hpeb2c.testcases.TC_CategoryTest__004 -->
